<?xml version="1.0" encoding="UTF-8"?>
<testsuite xmlns:xsi="http://www.w3.org/2001/XMLSchema-instance" xsi:noNamespaceSchemaLocation="https://maven.apache.org/surefire/maven-surefire-plugin/xsd/surefire-test-report-3.0.xsd" version="3.0" name="com.exportengine.ExportEngineTests" time="5.825" tests="1" errors="0" skipped="0" failures="0">
  <properties>
[...]
</properties>
  <testcase name="contextLoads" classname="com.exportengine.ExportEngineTests" time="0.051">
    <system-out><![CDATA[Standard Commons Logging discovery in action with spring-jcl: please remove commons-logging.jar from classpath in order to avoid potential conflicts
20:50:24.695 [main] INFO org.springframework.test.context.support.AnnotationConfigContextLoaderUtils -- Could not detect default configuration classes for test class [com.exportengine.ExportEngineTests]: ExportEngineTests does not declare any static, non-private, non-final, nested classes annotated with @Configuration.
20:50:24.940 [main] INFO org.springframework.boot.test.context.SpringBootTestContextBootstrapper -- Found @SpringBootConfiguration com.exportengine.ExportEngineApplication for test class com.exportengine.ExportEngineTests

  .   ____          _            __ _ _
 /\\ / ___'_ __ _ _(_)_ __  __ _ \ \ \ \
( ( )\___ | '_ | '_| | '_ \/ _` | \ \ \ \
 \\/  ___)| |_)| | | | | || (_| |  ) ) ) )
  '  |____| .__|_| |_|_| |_\__, | / / / /
 =========|_|==============|___/=/_/_/_/

 :: Spring Boot ::                (v3.3.5)

2026-05-25T20:50:25.859+05:30  INFO 20016 --- [           main] com.exportengine.ExportEngineTests       : Starting ExportEngineTests using Java 23.0.1 with PID 20016 (started by shams in C:\GPP\Week20\Polyglot-Data-Export-Engine-Streaming-10M-Rows-to-CSV-JSON-XML-and-Parquet-Formats)
2026-05-25T20:50:25.863+05:30  INFO 20016 --- [           main] com.exportengine.ExportEngineTests       : No active profile set, falling back to 1 default profile: "default"
2026-05-25T20:50:30.076+05:30  INFO 20016 --- [           main] com.exportengine.ExportEngineTests       : Started ExportEngineTests in 4.857 seconds (process running for 6.972)
]]></system-out>
    <system-err><![CDATA[SLF4J(E): A service provider failed to instantiate:
org.slf4j.spi.SLF4JServiceProvider: Provider org.slf4j.reload4j.Reload4jServiceProvider could not be instantiated
WARNING: A Java agent has been loaded dynamically (C:\Users\shams\.m2\repository\net\bytebuddy\byte-buddy-agent\1.14.19\byte-buddy-agent-1.14.19.jar)
WARNING: If a serviceability tool is in use, please run with -XX:+EnableDynamicAgentLoading to hide this warning
WARNING: If a serviceability tool is not in use, please run with -Djdk.instrument.traceUsage for more information
WARNING: Dynamic loading of agents will be disallowed by default in a future release
]]></system-err>
  </testcase>
</testsuite>